<?xml version="1.0" encoding="UTF-8"?>
<testsuite xmlns:xsi="http://www.w3.org/2001/XMLSchema-instance" xsi:noNamespaceSchemaLocation="https://maven.apache.org/surefire/maven-surefire-plugin/xsd/surefire-test-report.xsd" version="3.0.2" name="info.eecc.weather.controller.WeatherControllerTest" time="2.921" tests="12" errors="0" skipped="0" failures="0">
  <properties>
    <property name="java.specification.version" value="24"/>
    <property name="sun.jnu.encoding" value="UTF-8"/>
    <property name="java.class.path" value="/home/dennis/Workspace/construct-x/wetter-app/target/test-classes:/home/dennis/Workspace/construct-x/wetter-app/target/classes:/home/dennis/.m2/repository/org/springframework/boot/spring-boot-starter-actuator/3.5.5/spring-boot-starter-actuator-3.5.5.jar:/home/dennis/.m2/repository/org/springframework/boot/spring-boot-starter/3.5.5/spring-boot-starter-3.5.5.jar:/home/dennis/.m2/repository/org/springframework/boot/spring-boot/3.5.5/spring-boot-3.5.5.jar:/home/dennis/.m2/repository/org/springframework/boot/spring-boot-autoconfigure/3.5.5/spring-boot-autoconfigure-3.5.5.jar:/home/dennis/.m2/repository/org/springframework/boot/spring-boot-starter-logging/3.5.5/spring-boot-starter-logging-3.5.5.jar:/home/dennis/.m2/repository/ch/qos/logback/logback-classic/1.5.18/logback-classic-1.5.18.jar:/home/dennis/.m2/repository/ch/qos/logback/logback-core/1.5.18/logback-core-1.5.18.jar:/home/dennis/.m2/repository/org/apache/logging/log4j/log4j-to-slf4j/2.24.3/log4j-to-slf4j-2.24.3.jar:/home/dennis/.m2/repository/org/apache/logging/log4j/log4j-api/2.24.3/log4j-api-2.24.3.jar:/home/dennis/.m2/repository/org/slf4j/jul-to-slf4j/2.0.17/jul-to-slf4j-2.0.17.jar:/home/dennis/.m2/repository/jakarta/annotation/jakarta.annotation-api/2.1.1/jakarta.annotation-api-2.1.1.jar:/home/dennis/.m2/repository/org/yaml/snakeyaml/2.4/snakeyaml-2.4.jar:/home/dennis/.m2/repository/org/springframework/boot/spring-boot-actuator-autoconfigure/3.5.5/spring-boot-actuator-autoconfigure-3.5.5.jar:/home/dennis/.m2/repository/org/springframework/boot/spring-boot-actuator/3.5.5/spring-boot-actuator-3.5.5.jar:/home/dennis/.m2/repository/com/fasterxml/jackson/core/jackson-databind/2.19.2/jackson-databind-2.19.2.jar:/home/dennis/.m2/repository/com/fasterxml/jackson/core/jackson-annotations/2.19.2/jackson-annotations-2.19.2.jar:/home/dennis/.m2/repository/com/fasterxml/jackson/core/jackson-core/2.19.2/jackson-core-2.19.2.jar:/home/dennis/.m2/repository/com/fasterxml/jackson/datatype/jackson-datatype-jsr310/2.19.2/jackson-datatype-jsr310-2.19.2.jar:/home/dennis/.m2/repository/io/micrometer/micrometer-observation/1.15.3/micrometer-observation-1.15.3.jar:/home/dennis/.m2/repository/io/micrometer/micrometer-commons/1.15.3/micrometer-commons-1.15.3.jar:/home/dennis/.m2/repository/io/micrometer/micrometer-jakarta9/1.15.3/micrometer-jakarta9-1.15.3.jar:/home/dennis/.m2/repository/io/micrometer/micrometer-core/1.15.3/micrometer-core-1.15.3.jar:/home/dennis/.m2/repository/org/hdrhistogram/HdrHistogram/2.2.2/HdrHistogram-2.2.2.jar:/home/dennis/.m2/repository/org/latencyutils/LatencyUtils/2.0.3/LatencyUtils-2.0.3.jar:/home/dennis/.m2/repository/org/springframework/boot/spring-boot-starter-validation/3.5.5/spring-boot-starter-validation-3.5.5.jar:/home/dennis/.m2/repository/org/apache/tomcat/embed/tomcat-embed-el/10.1.44/tomcat-embed-el-10.1.44.jar:/home/dennis/.m2/repository/org/hibernate/validator/hibernate-validator/8.0.3.Final/hibernate-validator-8.0.3.Final.jar:/home/dennis/.m2/repository/jakarta/validation/jakarta.validation-api/3.0.2/jakarta.validation-api-3.0.2.jar:/home/dennis/.m2/repository/org/jboss/logging/jboss-logging/3.6.1.Final/jboss-logging-3.6.1.Final.jar:/home/dennis/.m2/repository/com/fasterxml/classmate/1.7.0/classmate-1.7.0.jar:/home/dennis/.m2/repository/org/springframework/boot/spring-boot-starter-web/3.5.5/spring-boot-starter-web-3.5.5.jar:/home/dennis/.m2/repository/org/springframework/boot/spring-boot-starter-json/3.5.5/spring-boot-starter-json-3.5.5.jar:/home/dennis/.m2/repository/com/fasterxml/jackson/datatype/jackson-datatype-jdk8/2.19.2/jackson-datatype-jdk8-2.19.2.jar:/home/dennis/.m2/repository/com/fasterxml/jackson/module/jackson-module-parameter-names/2.19.2/jackson-module-parameter-names-2.19.2.jar:/home/dennis/.m2/repository/org/springframework/boot/spring-boot-starter-tomcat/3.5.5/spring-boot-starter-tomcat-3.5.5.jar:/home/dennis/.m2/repository/org/apache/tomcat/embed/tomcat-embed-core/10.1.44/tomcat-embed-core-10.1.44.jar:/home/dennis/.m2/repository/org/apache/tomcat/embed/tomcat-embed-websocket/10.1.44/tomcat-embed-websocket-10.1.44.jar:/home/dennis/.m2/repository/org/springframework/spring-web/6.2.10/spring-web-6.2.10.jar:/home/dennis/.m2/repository/org/springframework/spring-beans/6.2.10/spring-beans-6.2.10.jar:/home/dennis/.m2/repository/org/springframework/spring-webmvc/6.2.10/spring-webmvc-6.2.10.jar:/home/dennis/.m2/repository/org/springframework/spring-aop/6.2.10/spring-aop-6.2.10.jar:/home/dennis/.m2/repository/org/springframework/spring-context/6.2.10/spring-context-6.2.10.jar:/home/dennis/.m2/repository/org/springframework/spring-expression/6.2.10/spring-expression-6.2.10.jar:/home/dennis/.m2/repository/org/springframework/boot/spring-boot-configuration-processor/3.5.5/spring-boot-configuration-processor-3.5.5.jar:/home/dennis/.m2/repository/org/projectlombok/lombok/1.18.38/lombok-1.18.38.jar:/home/dennis/.m2/repository/org/springframework/boot/spring-boot-starter-test/3.5.5/spring-boot-starter-test-3.5.5.jar:/home/dennis/.m2/repository/org/springframework/boot/spring-boot-test/3.5.5/spring-boot-test-3.5.5.jar:/home/dennis/.m2/repository/org/springframework/boot/spring-boot-test-autoconfigure/3.5.5/spring-boot-test-autoconfigure-3.5.5.jar:/home/dennis/.m2/repository/com/jayway/jsonpath/json-path/2.9.0/json-path-2.9.0.jar:/home/dennis/.m2/repository/org/slf4j/slf4j-api/2.0.17/slf4j-api-2.0.17.jar:/home/dennis/.m2/repository/jakarta/xml/bind/jakarta.xml.bind-api/4.0.2/jakarta.xml.bind-api-4.0.2.jar:/home/dennis/.m2/repository/jakarta/activation/jakarta.activation-api/2.1.3/jakarta.activation-api-2.1.3.jar:/home/dennis/.m2/repository/net/minidev/json-smart/2.5.2/json-smart-2.5.2.jar:/home/dennis/.m2/repository/net/minidev/accessors-smart/2.5.2/accessors-smart-2.5.2.jar:/home/dennis/.m2/repository/org/ow2/asm/asm/9.7.1/asm-9.7.1.jar:/home/dennis/.m2/repository/org/assertj/assertj-core/3.27.4/assertj-core-3.27.4.jar:/home/dennis/.m2/repository/net/bytebuddy/byte-buddy/1.17.7/byte-buddy-1.17.7.jar:/home/dennis/.m2/repository/org/awaitility/awaitility/4.2.2/awaitility-4.2.2.jar:/home/dennis/.m2/repository/org/hamcrest/hamcrest/3.0/hamcrest-3.0.jar:/home/dennis/.m2/repository/org/junit/jupiter/junit-jupiter/5.12.2/junit-jupiter-5.12.2.jar:/home/dennis/.m2/repository/org/junit/jupiter/junit-jupiter-api/5.12.2/junit-jupiter-api-5.12.2.jar:/home/dennis/.m2/repository/org/opentest4j/opentest4j/1.3.0/opentest4j-1.3.0.jar:/home/dennis/.m2/repository/org/junit/platform/junit-platform-commons/1.12.2/junit-platform-commons-1.12.2.jar:/home/dennis/.m2/repository/org/apiguardian/apiguardian-api/1.1.2/apiguardian-api-1.1.2.jar:/home/dennis/.m2/repository/org/junit/jupiter/junit-jupiter-params/5.12.2/junit-jupiter-params-5.12.2.jar:/home/dennis/.m2/repository/org/junit/jupiter/junit-jupiter-engine/5.12.2/junit-jupiter-engine-5.12.2.jar:/home/dennis/.m2/repository/org/junit/platform/junit-platform-engine/1.12.2/junit-platform-engine-1.12.2.jar:/home/dennis/.m2/repository/org/mockito/mockito-core/5.17.0/mockito-core-5.17.0.jar:/home/dennis/.m2/repository/net/bytebuddy/byte-buddy-agent/1.17.7/byte-buddy-agent-1.17.7.jar:/home/dennis/.m2/repository/org/objenesis/objenesis/3.3/objenesis-3.3.jar:/home/dennis/.m2/repository/org/mockito/mockito-junit-jupiter/5.17.0/mockito-junit-jupiter-5.17.0.jar:/home/dennis/.m2/repository/org/skyscreamer/jsonassert/1.5.3/jsonassert-1.5.3.jar:/home/dennis/.m2/repository/com/vaadin/external/google/android-json/0.0.20131108.vaadin1/android-json-0.0.20131108.vaadin1.jar:/home/dennis/.m2/repository/org/springframework/spring-core/6.2.10/spring-core-6.2.10.jar:/home/dennis/.m2/repository/org/springframework/spring-jcl/6.2.10/spring-jcl-6.2.10.jar:/home/dennis/.m2/repository/org/springframework/spring-test/6.2.10/spring-test-6.2.10.jar:/home/dennis/.m2/repository/org/xmlunit/xmlunit-core/2.10.3/xmlunit-core-2.10.3.jar:/home/dennis/.m2/repository/org/springdoc/springdoc-openapi-starter-webmvc-ui/2.7.0/springdoc-openapi-starter-webmvc-ui-2.7.0.jar:/home/dennis/.m2/repository/org/springdoc/springdoc-openapi-starter-webmvc-api/2.7.0/springdoc-openapi-starter-webmvc-api-2.7.0.jar:/home/dennis/.m2/repository/org/springdoc/springdoc-openapi-starter-common/2.7.0/springdoc-openapi-starter-common-2.7.0.jar:/home/dennis/.m2/repository/io/swagger/core/v3/swagger-core-jakarta/2.2.25/swagger-core-jakarta-2.2.25.jar:/home/dennis/.m2/repository/org/apache/commons/commons-lang3/3.17.0/commons-lang3-3.17.0.jar:/home/dennis/.m2/repository/io/swagger/core/v3/swagger-annotations-jakarta/2.2.25/swagger-annotations-jakarta-2.2.25.jar:/home/dennis/.m2/repository/io/swagger/core/v3/swagger-models-jakarta/2.2.25/swagger-models-jakarta-2.2.25.jar:/home/dennis/.m2/repository/com/fasterxml/jackson/dataformat/jackson-dataformat-yaml/2.19.2/jackson-dataformat-yaml-2.19.2.jar:/home/dennis/.m2/repository/org/webjars/swagger-ui/5.18.2/swagger-ui-5.18.2.jar:/home/dennis/.m2/repository/org/webjars/webjars-locator-lite/1.1.0/webjars-locator-lite-1.1.0.jar:/home/dennis/.m2/repository/org/jspecify/jspecify/1.0.0/jspecify-1.0.0.jar:"/>
    <property name="java.vm.vendor" value="Amazon.com Inc."/>
    <property name="sun.arch.data.model" value="64"/>
    <property name="java.vendor.url" value="https://aws.amazon.com/corretto/"/>
    <property name="user.timezone" value="Europe/Amsterdam"/>
    <property name="org.jboss.logging.provider" value="slf4j"/>
    <property name="os.name" value="Linux"/>
    <property name="java.vm.specification.version" value="24"/>
    <property name="APPLICATION_NAME" value="weather-app"/>
    <property name="sun.java.launcher" value="SUN_STANDARD"/>
    <property name="user.country" value="US"/>
    <property name="sun.boot.library.path" value="/home/dennis/.sdkman/candidates/java/24.0.2-amzn/lib"/>
    <property name="sun.java.command" value="/home/dennis/Workspace/construct-x/wetter-app/target/surefire/surefirebooter-20250827140921234_3.jar /home/dennis/Workspace/construct-x/wetter-app/target/surefire 2025-08-27T14-09-21_144-jvmRun1 surefire-20250827140921234_1tmp surefire_0-20250827140921234_2tmp"/>
    <property name="jdk.debug" value="release"/>
    <property name="surefire.test.class.path" value="/home/dennis/Workspace/construct-x/wetter-app/target/test-classes:/home/dennis/Workspace/construct-x/wetter-app/target/classes:/home/dennis/.m2/repository/org/springframework/boot/spring-boot-starter-actuator/3.5.5/spring-boot-starter-actuator-3.5.5.jar:/home/dennis/.m2/repository/org/springframework/boot/spring-boot-starter/3.5.5/spring-boot-starter-3.5.5.jar:/home/dennis/.m2/repository/org/springframework/boot/spring-boot/3.5.5/spring-boot-3.5.5.jar:/home/dennis/.m2/repository/org/springframework/boot/spring-boot-autoconfigure/3.5.5/spring-boot-autoconfigure-3.5.5.jar:/home/dennis/.m2/repository/org/springframework/boot/spring-boot-starter-logging/3.5.5/spring-boot-starter-logging-3.5.5.jar:/home/dennis/.m2/repository/ch/qos/logback/logback-classic/1.5.18/logback-classic-1.5.18.jar:/home/dennis/.m2/repository/ch/qos/logback/logback-core/1.5.18/logback-core-1.5.18.jar:/home/dennis/.m2/repository/org/apache/logging/log4j/log4j-to-slf4j/2.24.3/log4j-to-slf4j-2.24.3.jar:/home/dennis/.m2/repository/org/apache/logging/log4j/log4j-api/2.24.3/log4j-api-2.24.3.jar:/home/dennis/.m2/repository/org/slf4j/jul-to-slf4j/2.0.17/jul-to-slf4j-2.0.17.jar:/home/dennis/.m2/repository/jakarta/annotation/jakarta.annotation-api/2.1.1/jakarta.annotation-api-2.1.1.jar:/home/dennis/.m2/repository/org/yaml/snakeyaml/2.4/snakeyaml-2.4.jar:/home/dennis/.m2/repository/org/springframework/boot/spring-boot-actuator-autoconfigure/3.5.5/spring-boot-actuator-autoconfigure-3.5.5.jar:/home/dennis/.m2/repository/org/springframework/boot/spring-boot-actuator/3.5.5/spring-boot-actuator-3.5.5.jar:/home/dennis/.m2/repository/com/fasterxml/jackson/core/jackson-databind/2.19.2/jackson-databind-2.19.2.jar:/home/dennis/.m2/repository/com/fasterxml/jackson/core/jackson-annotations/2.19.2/jackson-annotations-2.19.2.jar:/home/dennis/.m2/repository/com/fasterxml/jackson/core/jackson-core/2.19.2/jackson-core-2.19.2.jar:/home/dennis/.m2/repository/com/fasterxml/jackson/datatype/jackson-datatype-jsr310/2.19.2/jackson-datatype-jsr310-2.19.2.jar:/home/dennis/.m2/repository/io/micrometer/micrometer-observation/1.15.3/micrometer-observation-1.15.3.jar:/home/dennis/.m2/repository/io/micrometer/micrometer-commons/1.15.3/micrometer-commons-1.15.3.jar:/home/dennis/.m2/repository/io/micrometer/micrometer-jakarta9/1.15.3/micrometer-jakarta9-1.15.3.jar:/home/dennis/.m2/repository/io/micrometer/micrometer-core/1.15.3/micrometer-core-1.15.3.jar:/home/dennis/.m2/repository/org/hdrhistogram/HdrHistogram/2.2.2/HdrHistogram-2.2.2.jar:/home/dennis/.m2/repository/org/latencyutils/LatencyUtils/2.0.3/LatencyUtils-2.0.3.jar:/home/dennis/.m2/repository/org/springframework/boot/spring-boot-starter-validation/3.5.5/spring-boot-starter-validation-3.5.5.jar:/home/dennis/.m2/repository/org/apache/tomcat/embed/tomcat-embed-el/10.1.44/tomcat-embed-el-10.1.44.jar:/home/dennis/.m2/repository/org/hibernate/validator/hibernate-validator/8.0.3.Final/hibernate-validator-8.0.3.Final.jar:/home/dennis/.m2/repository/jakarta/validation/jakarta.validation-api/3.0.2/jakarta.validation-api-3.0.2.jar:/home/dennis/.m2/repository/org/jboss/logging/jboss-logging/3.6.1.Final/jboss-logging-3.6.1.Final.jar:/home/dennis/.m2/repository/com/fasterxml/classmate/1.7.0/classmate-1.7.0.jar:/home/dennis/.m2/repository/org/springframework/boot/spring-boot-starter-web/3.5.5/spring-boot-starter-web-3.5.5.jar:/home/dennis/.m2/repository/org/springframework/boot/spring-boot-starter-json/3.5.5/spring-boot-starter-json-3.5.5.jar:/home/dennis/.m2/repository/com/fasterxml/jackson/datatype/jackson-datatype-jdk8/2.19.2/jackson-datatype-jdk8-2.19.2.jar:/home/dennis/.m2/repository/com/fasterxml/jackson/module/jackson-module-parameter-names/2.19.2/jackson-module-parameter-names-2.19.2.jar:/home/dennis/.m2/repository/org/springframework/boot/spring-boot-starter-tomcat/3.5.5/spring-boot-starter-tomcat-3.5.5.jar:/home/dennis/.m2/repository/org/apache/tomcat/embed/tomcat-embed-core/10.1.44/tomcat-embed-core-10.1.44.jar:/home/dennis/.m2/repository/org/apache/tomcat/embed/tomcat-embed-websocket/10.1.44/tomcat-embed-websocket-10.1.44.jar:/home/dennis/.m2/repository/org/springframework/spring-web/6.2.10/spring-web-6.2.10.jar:/home/dennis/.m2/repository/org/springframework/spring-beans/6.2.10/spring-beans-6.2.10.jar:/home/dennis/.m2/repository/org/springframework/spring-webmvc/6.2.10/spring-webmvc-6.2.10.jar:/home/dennis/.m2/repository/org/springframework/spring-aop/6.2.10/spring-aop-6.2.10.jar:/home/dennis/.m2/repository/org/springframework/spring-context/6.2.10/spring-context-6.2.10.jar:/home/dennis/.m2/repository/org/springframework/spring-expression/6.2.10/spring-expression-6.2.10.jar:/home/dennis/.m2/repository/org/springframework/boot/spring-boot-configuration-processor/3.5.5/spring-boot-configuration-processor-3.5.5.jar:/home/dennis/.m2/repository/org/projectlombok/lombok/1.18.38/lombok-1.18.38.jar:/home/dennis/.m2/repository/org/springframework/boot/spring-boot-starter-test/3.5.5/spring-boot-starter-test-3.5.5.jar:/home/dennis/.m2/repository/org/springframework/boot/spring-boot-test/3.5.5/spring-boot-test-3.5.5.jar:/home/dennis/.m2/repository/org/springframework/boot/spring-boot-test-autoconfigure/3.5.5/spring-boot-test-autoconfigure-3.5.5.jar:/home/dennis/.m2/repository/com/jayway/jsonpath/json-path/2.9.0/json-path-2.9.0.jar:/home/dennis/.m2/repository/org/slf4j/slf4j-api/2.0.17/slf4j-api-2.0.17.jar:/home/dennis/.m2/repository/jakarta/xml/bind/jakarta.xml.bind-api/4.0.2/jakarta.xml.bind-api-4.0.2.jar:/home/dennis/.m2/repository/jakarta/activation/jakarta.activation-api/2.1.3/jakarta.activation-api-2.1.3.jar:/home/dennis/.m2/repository/net/minidev/json-smart/2.5.2/json-smart-2.5.2.jar:/home/dennis/.m2/repository/net/minidev/accessors-smart/2.5.2/accessors-smart-2.5.2.jar:/home/dennis/.m2/repository/org/ow2/asm/asm/9.7.1/asm-9.7.1.jar:/home/dennis/.m2/repository/org/assertj/assertj-core/3.27.4/assertj-core-3.27.4.jar:/home/dennis/.m2/repository/net/bytebuddy/byte-buddy/1.17.7/byte-buddy-1.17.7.jar:/home/dennis/.m2/repository/org/awaitility/awaitility/4.2.2/awaitility-4.2.2.jar:/home/dennis/.m2/repository/org/hamcrest/hamcrest/3.0/hamcrest-3.0.jar:/home/dennis/.m2/repository/org/junit/jupiter/junit-jupiter/5.12.2/junit-jupiter-5.12.2.jar:/home/dennis/.m2/repository/org/junit/jupiter/junit-jupiter-api/5.12.2/junit-jupiter-api-5.12.2.jar:/home/dennis/.m2/repository/org/opentest4j/opentest4j/1.3.0/opentest4j-1.3.0.jar:/home/dennis/.m2/repository/org/junit/platform/junit-platform-commons/1.12.2/junit-platform-commons-1.12.2.jar:/home/dennis/.m2/repository/org/apiguardian/apiguardian-api/1.1.2/apiguardian-api-1.1.2.jar:/home/dennis/.m2/repository/org/junit/jupiter/junit-jupiter-params/5.12.2/junit-jupiter-params-5.12.2.jar:/home/dennis/.m2/repository/org/junit/jupiter/junit-jupiter-engine/5.12.2/junit-jupiter-engine-5.12.2.jar:/home/dennis/.m2/repository/org/junit/platform/junit-platform-engine/1.12.2/junit-platform-engine-1.12.2.jar:/home/dennis/.m2/repository/org/mockito/mockito-core/5.17.0/mockito-core-5.17.0.jar:/home/dennis/.m2/repository/net/bytebuddy/byte-buddy-agent/1.17.7/byte-buddy-agent-1.17.7.jar:/home/dennis/.m2/repository/org/objenesis/objenesis/3.3/objenesis-3.3.jar:/home/dennis/.m2/repository/org/mockito/mockito-junit-jupiter/5.17.0/mockito-junit-jupiter-5.17.0.jar:/home/dennis/.m2/repository/org/skyscreamer/jsonassert/1.5.3/jsonassert-1.5.3.jar:/home/dennis/.m2/repository/com/vaadin/external/google/android-json/0.0.20131108.vaadin1/android-json-0.0.20131108.vaadin1.jar:/home/dennis/.m2/repository/org/springframework/spring-core/6.2.10/spring-core-6.2.10.jar:/home/dennis/.m2/repository/org/springframework/spring-jcl/6.2.10/spring-jcl-6.2.10.jar:/home/dennis/.m2/repository/org/springframework/spring-test/6.2.10/spring-test-6.2.10.jar:/home/dennis/.m2/repository/org/xmlunit/xmlunit-core/2.10.3/xmlunit-core-2.10.3.jar:/home/dennis/.m2/repository/org/springdoc/springdoc-openapi-starter-webmvc-ui/2.7.0/springdoc-openapi-starter-webmvc-ui-2.7.0.jar:/home/dennis/.m2/repository/org/springdoc/springdoc-openapi-starter-webmvc-api/2.7.0/springdoc-openapi-starter-webmvc-api-2.7.0.jar:/home/dennis/.m2/repository/org/springdoc/springdoc-openapi-starter-common/2.7.0/springdoc-openapi-starter-common-2.7.0.jar:/home/dennis/.m2/repository/io/swagger/core/v3/swagger-core-jakarta/2.2.25/swagger-core-jakarta-2.2.25.jar:/home/dennis/.m2/repository/org/apache/commons/commons-lang3/3.17.0/commons-lang3-3.17.0.jar:/home/dennis/.m2/repository/io/swagger/core/v3/swagger-annotations-jakarta/2.2.25/swagger-annotations-jakarta-2.2.25.jar:/home/dennis/.m2/repository/io/swagger/core/v3/swagger-models-jakarta/2.2.25/swagger-models-jakarta-2.2.25.jar:/home/dennis/.m2/repository/com/fasterxml/jackson/dataformat/jackson-dataformat-yaml/2.19.2/jackson-dataformat-yaml-2.19.2.jar:/home/dennis/.m2/repository/org/webjars/swagger-ui/5.18.2/swagger-ui-5.18.2.jar:/home/dennis/.m2/repository/org/webjars/webjars-locator-lite/1.1.0/webjars-locator-lite-1.1.0.jar:/home/dennis/.m2/repository/org/jspecify/jspecify/1.0.0/jspecify-1.0.0.jar:"/>
    <property name="sun.cpu.endian" value="little"/>
    <property name="user.home" value="/home/dennis"/>
    <property name="user.language" value="en"/>
    <property name="java.specification.vendor" value="Oracle Corporation"/>
    <property name="java.version.date" value="2025-07-15"/>
    <property name="java.home" value="/home/dennis/.sdkman/candidates/java/24.0.2-amzn"/>
    <property name="file.separator" value="/"/>
    <property name="basedir" value="/home/dennis/Workspace/construct-x/wetter-app"/>
    <property name="java.vm.compressedOopsMode" value="Zero based"/>
    <property name="line.separator" value="&#10;"/>
    <property name="java.vm.specification.vendor" value="Oracle Corporation"/>
    <property name="java.specification.name" value="Java Platform API Specification"/>
    <property name="FILE_LOG_CHARSET" value="UTF-8"/>
    <property name="java.awt.headless" value="true"/>
    <property name="surefire.real.class.path" value="/home/dennis/Workspace/construct-x/wetter-app/target/surefire/surefirebooter-20250827140921234_3.jar"/>
    <property name="sun.management.compiler" value="HotSpot 64-Bit Tiered Compilers"/>
    <property name="java.runtime.version" value="24.0.2+12-FR"/>
    <property name="user.name" value="dennis"/>
    <property name="stdout.encoding" value="UTF-8"/>
    <property name="path.separator" value=":"/>
    <property name="os.version" value="6.15.7-1-MANJARO"/>
    <property name="java.runtime.name" value="OpenJDK Runtime Environment"/>
    <property name="file.encoding" value="UTF-8"/>
    <property name="java.vm.name" value="OpenJDK 64-Bit Server VM"/>
    <property name="java.vendor.version" value="Corretto-24.0.2.12.1"/>
    <property name="localRepository" value="/home/dennis/.m2/repository"/>
    <property name="java.vendor.url.bug" value="https://github.com/corretto/corretto-24/issues/"/>
    <property name="java.io.tmpdir" value="/tmp"/>
    <property name="java.version" value="24.0.2"/>
    <property name="user.dir" value="/home/dennis/Workspace/construct-x/wetter-app"/>
    <property name="os.arch" value="amd64"/>
    <property name="java.vm.specification.name" value="Java Virtual Machine Specification"/>
    <property name="PID" value="146770"/>
    <property name="CONSOLE_LOG_CHARSET" value="UTF-8"/>
    <property name="native.encoding" value="UTF-8"/>
    <property name="java.library.path" value="/tmp/.mount_Cursorjm7Jcm/usr/lib/:/tmp/.mount_Cursorjm7Jcm/usr/lib32/:/tmp/.mount_Cursorjm7Jcm/usr/lib64/:/tmp/.mount_Cursorjm7Jcm/lib/:/tmp/.mount_Cursorjm7Jcm/lib/i386-linux-gnu/:/tmp/.mount_Cursorjm7Jcm/lib/x86_64-linux-gnu/:/tmp/.mount_Cursorjm7Jcm/lib/aarch64-linux-gnu/:/tmp/.mount_Cursorjm7Jcm/lib32/:/tmp/.mount_Cursorjm7Jcm/lib64/::/usr/java/packages/lib:/usr/lib64:/lib64:/lib:/usr/lib"/>
    <property name="java.vm.info" value="mixed mode, sharing"/>
    <property name="stderr.encoding" value="UTF-8"/>
    <property name="java.vendor" value="Amazon.com Inc."/>
    <property name="java.vm.version" value="24.0.2+12-FR"/>
    <property name="sun.io.unicode.encoding" value="UnicodeLittle"/>
    <property name="java.class.version" value="68.0"/>
    <property name="LOGGED_APPLICATION_NAME" value="[weather-app] "/>
  </properties>
  <testcase name="getCurrentWeather_WithValidCoordinates_ShouldReturnWeatherData" classname="info.eecc.weather.controller.WeatherControllerTest" time="0.235">
    <system-out><![CDATA[14:09:21.859 [main] INFO org.springframework.test.context.support.AnnotationConfigContextLoaderUtils -- Could not detect default configuration classes for test class [info.eecc.weather.controller.WeatherControllerTest]: WeatherControllerTest does not declare any static, non-private, non-final, nested classes annotated with @Configuration.
14:09:22.006 [main] INFO org.springframework.boot.test.context.SpringBootTestContextBootstrapper -- Found @SpringBootConfiguration info.eecc.weather.WeatherApplication for test class info.eecc.weather.controller.WeatherControllerTest

  .   ____          _            __ _ _
 /\\ / ___'_ __ _ _(_)_ __  __ _ \ \ \ \
( ( )\___ | '_ | '_| | '_ \/ _` | \ \ \ \
 \\/  ___)| |_)| | | | | || (_| |  ) ) ) )
  '  |____| .__|_| |_|_| |_\__, | / / / /
 =========|_|==============|___/=/_/_/_/

 :: Spring Boot ::                (v3.5.5)

2025-08-27T14:09:22.410+02:00  INFO 146770 --- [weather-app] [           main] i.e.w.controller.WeatherControllerTest   : Starting WeatherControllerTest using Java 24.0.2 with PID 146770 (started by dennis in /home/dennis/Workspace/construct-x/wetter-app)
2025-08-27T14:09:22.412+02:00  INFO 146770 --- [weather-app] [           main] i.e.w.controller.WeatherControllerTest   : No active profile set, falling back to 1 default profile: "default"
2025-08-27T14:09:24.252+02:00  INFO 146770 --- [weather-app] [           main] o.s.b.t.m.w.SpringBootMockServletContext : Initializing Spring TestDispatcherServlet ''
2025-08-27T14:09:24.252+02:00  INFO 146770 --- [weather-app] [           main] o.s.t.web.servlet.TestDispatcherServlet  : Initializing Servlet ''
2025-08-27T14:09:24.254+02:00  INFO 146770 --- [weather-app] [           main] o.s.t.web.servlet.TestDispatcherServlet  : Completed initialization in 1 ms
2025-08-27T14:09:24.287+02:00  INFO 146770 --- [weather-app] [           main] i.e.w.controller.WeatherControllerTest   : Started WeatherControllerTest in 2.226 seconds (process running for 2.96)
2025-08-27T14:09:24.450+02:00  INFO 146770 --- [weather-app] [           main] i.e.w.controller.WeatherController       : Fetching current weather for coordinates: lat=52.52, lon=13.405
]]></system-out>
    <system-err><![CDATA[Mockito is currently self-attaching to enable the inline-mock-maker. This will no longer work in future releases of the JDK. Please add Mockito as an agent to your build as described in Mockito's documentation: https://javadoc.io/doc/org.mockito/mockito-core/latest/org.mockito/org/mockito/Mockito.html#0.3
WARNING: A Java agent has been loaded dynamically (/home/dennis/.m2/repository/net/bytebuddy/byte-buddy-agent/1.17.7/byte-buddy-agent-1.17.7.jar)
WARNING: If a serviceability tool is in use, please run with -XX:+EnableDynamicAgentLoading to hide this warning
WARNING: If a serviceability tool is not in use, please run with -Djdk.instrument.traceUsage for more information
WARNING: Dynamic loading of agents will be disallowed by default in a future release
]]></system-err>
  </testcase>
  <testcase name="getCurrentWeather_WithNoParameters_ShouldReturnBadRequest" classname="info.eecc.weather.controller.WeatherControllerTest" time="0.017">
    <system-out><![CDATA[2025-08-27T14:09:24.545+02:00 ERROR 146770 --- [weather-app] [           main] i.e.w.exception.GlobalExceptionHandler   : Weather service error: Either latitude+longitude OR city must be provided
]]></system-out>
  </testcase>
  <testcase name="getCurrentWeather_WithNonExistentCity_ShouldReturnNotFound" classname="info.eecc.weather.controller.WeatherControllerTest" time="0.013">
    <system-out><![CDATA[2025-08-27T14:09:24.564+02:00  INFO 146770 --- [weather-app] [           main] i.e.w.controller.WeatherController       : Fetching current weather for city: NonExistentCity
2025-08-27T14:09:24.566+02:00 ERROR 146770 --- [weather-app] [           main] i.e.w.exception.GlobalExceptionHandler   : Weather service error: City not found: NonExistentCity
]]></system-out>
  </testcase>
  <testcase name="getCurrentWeather_WithValidCity_ShouldReturnWeatherData" classname="info.eecc.weather.controller.WeatherControllerTest" time="0.013">
    <system-out><![CDATA[2025-08-27T14:09:24.580+02:00  INFO 146770 --- [weather-app] [           main] i.e.w.controller.WeatherController       : Fetching current weather for city: Berlin
]]></system-out>
  </testcase>
  <testcase name="getCurrentWeather_WhenServiceFails_ShouldReturnInternalServerError" classname="info.eecc.weather.controller.WeatherControllerTest" time="0.009">
    <system-out><![CDATA[2025-08-27T14:09:24.593+02:00  INFO 146770 --- [weather-app] [           main] i.e.w.controller.WeatherController       : Fetching current weather for coordinates: lat=52.52, lon=13.405
2025-08-27T14:09:24.594+02:00 ERROR 146770 --- [weather-app] [           main] i.e.w.exception.GlobalExceptionHandler   : Weather service error: Weather service temporarily unavailable
]]></system-out>
  </testcase>
  <testcase name="getCurrentWeather_WithEmptyCity_ShouldReturnBadRequest" classname="info.eecc.weather.controller.WeatherControllerTest" time="0.007">
    <system-out><![CDATA[2025-08-27T14:09:24.603+02:00 ERROR 146770 --- [weather-app] [           main] i.e.w.exception.GlobalExceptionHandler   : Weather service error: Either latitude+longitude OR city must be provided
]]></system-out>
  </testcase>
  <testcase name="getCurrentWeather_WithInvalidLongitude_ShouldReturnBadRequest" classname="info.eecc.weather.controller.WeatherControllerTest" time="0.01">
    <system-out><![CDATA[2025-08-27T14:09:24.614+02:00 ERROR 146770 --- [weather-app] [           main] i.e.w.exception.GlobalExceptionHandler   : Validation error: getCurrentWeather.longitude: Longitude must be between -180 and 180
]]></system-out>
  </testcase>
  <testcase name="getCurrentWeather_WithInvalidLatitude_ShouldReturnBadRequest" classname="info.eecc.weather.controller.WeatherControllerTest" time="0.007">
    <system-out><![CDATA[2025-08-27T14:09:24.623+02:00 ERROR 146770 --- [weather-app] [           main] i.e.w.exception.GlobalExceptionHandler   : Validation error: getCurrentWeather.latitude: Latitude must be between -90 and 90
]]></system-out>
  </testcase>
  <testcase name="getCurrentWeather_WithOnlyLatitude_ShouldReturnBadRequest" classname="info.eecc.weather.controller.WeatherControllerTest" time="0.006">
    <system-out><![CDATA[2025-08-27T14:09:24.630+02:00 ERROR 146770 --- [weather-app] [           main] i.e.w.exception.GlobalExceptionHandler   : Weather service error: Either latitude+longitude OR city must be provided
]]></system-out>
  </testcase>
  <testcase name="getCurrentWeather_WithOnlyLongitude_ShouldReturnBadRequest" classname="info.eecc.weather.controller.WeatherControllerTest" time="0.007">
    <system-out><![CDATA[2025-08-27T14:09:24.638+02:00 ERROR 146770 --- [weather-app] [           main] i.e.w.exception.GlobalExceptionHandler   : Weather service error: Either latitude+longitude OR city must be provided
]]></system-out>
  </testcase>
  <testcase name="getCurrentWeather_WhenServiceFailsWithCause_ShouldReturnInternalServerError" classname="info.eecc.weather.controller.WeatherControllerTest" time="0.009">
    <system-out><![CDATA[2025-08-27T14:09:24.647+02:00  INFO 146770 --- [weather-app] [           main] i.e.w.controller.WeatherController       : Fetching current weather for city: Berlin
2025-08-27T14:09:24.648+02:00 ERROR 146770 --- [weather-app] [           main] i.e.w.exception.GlobalExceptionHandler   : Weather service error: Failed to fetch weather data
]]></system-out>
  </testcase>
  <testcase name="getCurrentWeather_WithBothCoordinatesAndCity_ShouldReturnBadRequest" classname="info.eecc.weather.controller.WeatherControllerTest" time="0.009">
    <system-out><![CDATA[2025-08-27T14:09:24.657+02:00 ERROR 146770 --- [weather-app] [           main] i.e.w.exception.GlobalExceptionHandler   : Weather service error: Provide either latitude+longitude OR city, not both
]]></system-out>
  </testcase>
</testsuite>